<?xml version="1.0" encoding="utf-8"?><testsuites><testsuite errors="0" failures="0" hostname="Aspire-A515-51G" name="pytest" skipped="0" tests="7" time="0.280" timestamp="2020-06-25T19:47:50.807257"><testcase classname="test_submit.TestChallenge10" file="test_submit.py" line="52" name="test_1" time="0.032"></testcase><testcase classname="test_submit.TestChallenge10" file="test_submit.py" line="59" name="test_2" time="0.021"></testcase><testcase classname="test_submit.TestChallenge10" file="test_submit.py" line="63" name="test_3" time="0.024"></testcase><testcase classname="test_submit.TestChallenge10" file="test_submit.py" line="67" name="test_4" time="0.023"></testcase><testcase classname="test_submit.TestChallenge10" file="test_submit.py" line="74" name="test_5" time="0.032"></testcase><testcase classname="test_submit.TestChallenge10" file="test_submit.py" line="82" name="test_6" time="0.025"></testcase><testcase classname="test_submit.TestChallenge10" file="test_submit.py" line="89" name="test_7" time="0.024"></testcase></testsuite></testsuites>