<?xml version="1.0" encoding="utf-8"?><testsuites><testsuite errors="0" failures="0" hostname="Aspire-A515-51G" name="pytest" skipped="0" tests="7" time="0.254" timestamp="2020-07-08T19:39:45.034287"><testcase classname="test_submit" file="test_submit.py" line="7" name="test_1" time="0.001"></testcase><testcase classname="test_submit" file="test_submit.py" line="11" name="test_2" time="0.001"></testcase><testcase classname="test_submit" file="test_submit.py" line="15" name="test_3" time="0.001"></testcase><testcase classname="test_submit" file="test_submit.py" line="19" name="test_4" time="0.001"></testcase><testcase classname="test_submit" file="test_submit.py" line="23" name="test_5" time="0.001"></testcase><testcase classname="test_submit" file="test_submit.py" line="27" name="test_6" time="0.001"></testcase><testcase classname="test_submit" file="test_submit.py" line="31" name="test_7" time="0.001"></testcase></testsuite></testsuites>