<?xml version="1.0" encoding="utf-8"?><testsuites><testsuite errors="0" failures="0" hostname="Aspire-A515-51G" name="pytest" skipped="0" tests="6" time="0.150" timestamp="2020-05-27T15:39:47.116570"><testcase classname="test_main" file="test_main.py" line="36" name="test_get_temperature_by_lat_lng" time="0.001"></testcase><testcase classname="test_main" file="test_main.py" line="59" name="test_wrong_key" time="0.001"></testcase><testcase classname="test_main" file="test_main.py" line="78" name="test_without_one_request_parameter" time="0.001"></testcase><testcase classname="test_main" file="test_main.py" line="106" name="test_convert_to_celsius_function" time="0.001"></testcase><testcase classname="test_main" file="test_main.py" line="113" name="test_invalid_latitude" time="0.002"></testcase><testcase classname="test_main" file="test_main.py" line="134" name="test_invalid_longitude" time="0.001"></testcase></testsuite></testsuites>